[0mGET /api/movies/64 [33m400 [0m656.117 ms - 17[0m
[0mGET /api/directors [32m200 [0m395.656 ms - 3905[0m
[0mDELETE /api/directors/32 [31m500 [0m574.000 ms - 175[0m
[0mPUT /api/directors/32 [31m500 [0m4.416 ms - 3010[0m
[0mPUT /api/directors/32 [31m500 [0m363.526 ms - 20[0m
[0mPUT /api/directors/20 [31m500 [0m288.165 ms - 20[0m
[0mGET /api/directors [32m200 [0m14.656 ms - 3890[0m
[0mPUT /api/directors/20 [31m500 [0m322.971 ms - 20[0m
[0mPUT /api/directors/45 [31m500 [0m219.814 ms - 20[0m
[0mPUT /api/movies/7 [33m400 [0m111.666 ms - 348[0m
[0mGET /api/movies/7 [32m200 [0m257.440 ms - 454[0m
[0mPUT /api/movies/7 [31m500 [0m422.761 ms - 17[0m
[0mPUT /api/movies/6 [31m500 [0m102.115 ms - 17[0m
[0mGET /api/movies/7 [32m200 [0m3.849 ms - 257[0m
[0mGET /api/movies/8 [32m200 [0m319.754 ms - 429[0m
[0mPUT /api/movies/6 [31m500 [0m324.704 ms - 7[0m
[0mGET /api/movies/6 [32m200 [0m290.414 ms - 253[0m
[0mPOST /api/movies [32m201 [0m389.255 ms - 275[0m
[0mPOST /api/movies [32m201 [0m315.993 ms - 282[0m
[0mPUT /api/movies/65 [31m500 [0m292.624 ms - 7[0m
[0mPUT /api/movies/65 [31m500 [0m29.093 ms - 20[0m
[0mPUT /api/movies/65 [31m500 [0m114.139 ms - 20[0m
[0mPUT /api/movies/65 [31m500 [0m22.434 ms - 2[0m
[0mPUT /api/movies/65 [31m500 [0m26.323 ms - 17[0m
[0mPUT /api/movies/6 [32m200 [0m359.268 ms - 40[0m
[0mDELETE /api/movies/ [33m404 [0m5.944 ms - 18[0m
[0mDELETE /api/movies/65 [32m200 [0m82.565 ms - 40[0m
[0mGET /api/movies/66 [33m400 [0m322.079 ms - 17[0m
[0mDELETE /api/movies/65 [31m500 [0m10.713 ms - 7[0m
[0mDELETE /api/movies/65 [31m500 [0m218.572 ms - 7[0m
[0mDELETE /api/movies/65 [31m500 [0m56.697 ms - 17[0m
[0mDELETE /api/movies/66 [31m500 [0m5.351 ms - 17[0m
[0mDELETE /api/movies/9 [31m500 [0m207.732 ms - 17[0m
[0mDELETE /api/movies/9 [32m200 [0m7.569 ms - 40[0m
[0mDELETE /api/movies/99 [32m200 [0m55.813 ms - 40[0m
[0mDELETE /api/movies/9 [32m200 [0m2.259 ms - 40[0m
[0mDELETE /api/movies/99 [32m200 [0m236.781 ms - 40[0m
[0mDELETE /api/movies/99 [32m200 [0m229.041 ms - 40[0m
[0mDELETE /api/movies/99 [31m500 [0m12.042 ms - 17[0m
[0mDELETE /api/movies/911 [31m500 [0m4.968 ms - 17[0m
[0mDELETE /api/movies/11 [32m200 [0m173.296 ms - 40[0m
[0mPUT /api/movies/94 [31m500 [0m204.685 ms - 17[0m
[0mPUT /api/movies/10 [32m200 [0m291.300 ms - 40[0m
[0mGET /api/directors/10 [32m200 [0m427.089 ms - 110[0m
[0mPUT /api/directors/10 [32m200 [0m223.084 ms - 3[0m
[0mGET /api/directors/10 [32m200 [0m224.986 ms - 104[0m
[0mPUT /api/directors/85 [31m500 [0m291.412 ms - 20[0m
[0mPOST /api/directors [32m201 [0m427.874 ms - 108[0m
[0mDELETE /api/directors/10 [31m500 [0m454.826 ms - 175[0m
[0mDELETE /api/directors/1 [31m500 [0m109.093 ms - 175[0m
[0mDELETE /api/directors/36 [32m200 [0m52.754 ms - 1[0m
[0mDELETE /api/directors/35 [31m500 [0m171.905 ms - 175[0m
[0mGET /api/directors/36 [31m500 [0m309.505 ms - 20[0m
[0mDELETE /api/directors/35=7 [31m500 [0m353.507 ms - 42[0m
[0mDELETE /api/directors/37 [31m500 [0m2.694 ms - 20[0m
[0mPUT /api/movies/10 [33m400 [0m46.552 ms - 62[0m
[0mPUT /api/movies/10 [32m200 [0m323.886 ms - 40[0m
[0mPUT /api/movies/99 [31m500 [0m3.513 ms - 17[0m
[0mGET /api/movies/6 [32m200 [0m242.442 ms - 260[0m
[0mPUT /api/movies/16 [32m200 [0m201.524 ms - 40[0m
[0mGET /api/movies/16 [32m200 [0m314.971 ms - 258[0m
[0mPUT /api/movies/17 [32m200 [0m220.005 ms - 40[0m
[0mGET /api/movies/17 [32m200 [0m5.524 ms - 288[0m
[0mGET /api/directors [32m200 [0m328.419 ms - 3884[0m
[0mGET /api/directors/36 [31m500 [0m48.689 ms - 20[0m
[0mGET /api/directors/34 [32m200 [0m4.214 ms - 111[0m
[0mPUT /api/directors/85 [31m500 [0m38.085 ms - 20[0m
[0mPUT /api/directors/35 [32m200 [0m419.333 ms - 3[0m
[0mGET /api/directors/35 [32m200 [0m2.688 ms - 103[0m
[0mPOST /api/directors [32m201 [0m108.895 ms - 108[0m
[0mGET /api/directors/37 [32m200 [0m256.953 ms - 108[0m
[0mDELETE /api/directors/37 [32m200 [0m361.287 ms - 1[0m
[0mGET /api/movies/ [32m200 [0m320.968 ms - 20423[0m
[0mGET /api/movies/17 [32m200 [0m3.608 ms - 288[0m
[0mPUT /api/movies/17 [32m200 [0m354.437 ms - 40[0m
[0mGET /api/movies/17 [32m200 [0m3.526 ms - 289[0m
[0mPOST /api/movies [32m201 [0m341.571 ms - 282[0m
[0mDELETE /api/movies/104 [32m200 [0m109.923 ms - 40[0m
