error: Movie not found {"timestamp":"2019-12-03T08:15:17.942Z"}
error: Cannot delete or update a parent row: a foreign key constraint fails (`movie`.`Movies`, CONSTRAINT `Movies_ibfk_1` FOREIGN KEY (`Director_Id`) REFERENCES `Directors` (`id`)) {"name":"SequelizeForeignKeyConstraintError","parent":{"code":"ER_ROW_IS_REFERENCED_2","errno":1451,"sqlState":"23000","sqlMessage":"Cannot delete or update a parent row: a foreign key constraint fails (`movie`.`Movies`, CONSTRAINT `Movies_ibfk_1` FOREIGN KEY (`Director_Id`) REFERENCES `Directors` (`id`))","sql":"DELETE FROM `Directors` WHERE `id` = '32'"},"original":{"code":"ER_ROW_IS_REFERENCED_2","errno":1451,"sqlState":"23000","sqlMessage":"Cannot delete or update a parent row: a foreign key constraint fails (`movie`.`Movies`, CONSTRAINT `Movies_ibfk_1` FOREIGN KEY (`Director_Id`) REFERENCES `Directors` (`id`))","sql":"DELETE FROM `Directors` WHERE `id` = '32'"},"sql":"DELETE FROM `Directors` WHERE `id` = '32'","fields":["Director_Id"],"table":"Directors","index":"Movies_ibfk_1","reltype":"parent","timestamp":"2019-12-03T08:20:08.212Z"}
error: Director not found {"timestamp":"2019-12-03T08:25:58.603Z"}
error: Director not found {"timestamp":"2019-12-03T08:26:12.872Z"}
error: Director not found {"timestamp":"2019-12-03T08:27:41.875Z"}
error: Director not found {"timestamp":"2019-12-03T08:28:09.477Z"}
error: Validation error: Genre cannot be empty,
Validation error: Rating cannot be empty,
Validation error: Metascore cannot be empty,
Validation error: Votes cannot be empty,
Validation error: Votes should be a valid integer,
Validation error: Earning cannot be empty,
Validation error: Director ID cannot be empty,
Validation error: Director ID should be a valid integer,
Validation error: Actor cannot be empty,
Validation error: Year cannot be empty,
Validation error: Year should be a valid integer {"name":"SequelizeValidationError","errors":[{"message":"Genre cannot be empty","type":"Validation error","path":"Genre","value":"","origin":"FUNCTION","instance":{"id":null,"Title":"hera pheri","Description":"comedy","Runtime":"52","Genre":"","Rating":"","Metascore":"","Votes":"","Earning":"","Director_Id":"","Actor":"","Year":"","updatedAt":"2019-12-03T08:35:21.390Z"},"validatorKey":"notEmpty","validatorName":"notEmpty","validatorArgs":[{"msg":"Genre cannot be empty"}],"original":{"validatorName":"notEmpty","validatorArgs":[{"msg":"Genre cannot be empty"}]}},{"message":"Rating cannot be empty","type":"Validation error","path":"Rating","value":"","origin":"FUNCTION","instance":{"id":null,"Title":"hera pheri","Description":"comedy","Runtime":"52","Genre":"","Rating":"","Metascore":"","Votes":"","Earning":"","Director_Id":"","Actor":"","Year":"","updatedAt":"2019-12-03T08:35:21.390Z"},"validatorKey":"notEmpty","validatorName":"notEmpty","validatorArgs":[{"msg":"Rating cannot be empty"}],"original":{"validatorName":"notEmpty","validatorArgs":[{"msg":"Rating cannot be empty"}]}},{"message":"Metascore cannot be empty","type":"Validation error","path":"Metascore","value":"","origin":"FUNCTION","instance":{"id":null,"Title":"hera pheri","Description":"comedy","Runtime":"52","Genre":"","Rating":"","Metascore":"","Votes":"","Earning":"","Director_Id":"","Actor":"","Year":"","updatedAt":"2019-12-03T08:35:21.390Z"},"validatorKey":"notEmpty","validatorName":"notEmpty","validatorArgs":[{"msg":"Metascore cannot be empty"}],"original":{"validatorName":"notEmpty","validatorArgs":[{"msg":"Metascore cannot be empty"}]}},{"message":"Votes cannot be empty","type":"Validation error","path":"Votes","value":"","origin":"FUNCTION","instance":{"id":null,"Title":"hera pheri","Description":"comedy","Runtime":"52","Genre":"","Rating":"","Metascore":"","Votes":"","Earning":"","Director_Id":"","Actor":"","Year":"","updatedAt":"2019-12-03T08:35:21.390Z"},"validatorKey":"notEmpty","validatorName":"notEmpty","validatorArgs":[{"msg":"Votes cannot be empty"}],"original":{"validatorName":"notEmpty","validatorArgs":[{"msg":"Votes cannot be empty"}]}},{"message":"Votes should be a valid integer","type":"Validation error","path":"Votes","value":"","origin":"FUNCTION","instance":{"id":null,"Title":"hera pheri","Description":"comedy","Runtime":"52","Genre":"","Rating":"","Metascore":"","Votes":"","Earning":"","Director_Id":"","Actor":"","Year":"","updatedAt":"2019-12-03T08:35:21.390Z"},"validatorKey":"isInt","validatorName":"isInt","validatorArgs":[{"msg":"Votes should be a valid integer"}],"original":{"validatorName":"isInt","validatorArgs":[{"msg":"Votes should be a valid integer"}]}},{"message":"Earning cannot be empty","type":"Validation error","path":"Earning","value":"","origin":"FUNCTION","instance":{"id":null,"Title":"hera pheri","Description":"comedy","Runtime":"52","Genre":"","Rating":"","Metascore":"","Votes":"","Earning":"","Director_Id":"","Actor":"","Year":"","updatedAt":"2019-12-03T08:35:21.390Z"},"validatorKey":"notEmpty","validatorName":"notEmpty","validatorArgs":[{"msg":"Earning cannot be empty"}],"original":{"validatorName":"notEmpty","validatorArgs":[{"msg":"Earning cannot be empty"}]}},{"message":"Director ID cannot be empty","type":"Validation error","path":"Director_Id","value":"","origin":"FUNCTION","instance":{"id":null,"Title":"hera pheri","Description":"comedy","Runtime":"52","Genre":"","Rating":"","Metascore":"","Votes":"","Earning":"","Director_Id":"","Actor":"","Year":"","updatedAt":"2019-12-03T08:35:21.390Z"},"validatorKey":"notEmpty","validatorName":"notEmpty","validatorArgs":[{"msg":"Director ID cannot be empty"}],"original":{"validatorName":"notEmpty","validatorArgs":[{"msg":"Director ID cannot be empty"}]}},{"message":"Director ID should be a valid integer","type":"Validation error","path":"Director_Id","value":"","origin":"FUNCTION","instance":{"id":null,"Title":"hera pheri","Description":"comedy","Runtime":"52","Genre":"","Rating":"","Metascore":"","Votes":"","Earning":"","Director_Id":"","Actor":"","Year":"","updatedAt":"2019-12-03T08:35:21.390Z"},"validatorKey":"isInt","validatorName":"isInt","validatorArgs":[{"msg":"Director ID should be a valid integer"}],"original":{"validatorName":"isInt","validatorArgs":[{"msg":"Director ID should be a valid integer"}]}},{"message":"Actor cannot be empty","type":"Validation error","path":"Actor","value":"","origin":"FUNCTION","instance":{"id":null,"Title":"hera pheri","Description":"comedy","Runtime":"52","Genre":"","Rating":"","Metascore":"","Votes":"","Earning":"","Director_Id":"","Actor":"","Year":"","updatedAt":"2019-12-03T08:35:21.390Z"},"validatorKey":"notEmpty","validatorName":"notEmpty","validatorArgs":[{"msg":"Actor cannot be empty"}],"original":{"validatorName":"notEmpty","validatorArgs":[{"msg":"Actor cannot be empty"}]}},{"message":"Year cannot be empty","type":"Validation error","path":"Year","value":"","origin":"FUNCTION","instance":{"id":null,"Title":"hera pheri","Description":"comedy","Runtime":"52","Genre":"","Rating":"","Metascore":"","Votes":"","Earning":"","Director_Id":"","Actor":"","Year":"","updatedAt":"2019-12-03T08:35:21.390Z"},"validatorKey":"notEmpty","validatorName":"notEmpty","validatorArgs":[{"msg":"Year cannot be empty"}],"original":{"validatorName":"notEmpty","validatorArgs":[{"msg":"Year cannot be empty"}]}},{"message":"Year should be a valid integer","type":"Validation error","path":"Year","value":"","origin":"FUNCTION","instance":{"id":null,"Title":"hera pheri","Description":"comedy","Runtime":"52","Genre":"","Rating":"","Metascore":"","Votes":"","Earning":"","Director_Id":"","Actor":"","Year":"","updatedAt":"2019-12-03T08:35:21.390Z"},"validatorKey":"isInt","validatorName":"isInt","validatorArgs":[{"msg":"Year should be a valid integer"}],"original":{"validatorName":"isInt","validatorArgs":[{"msg":"Year should be a valid integer"}]}}],"timestamp":"2019-12-03T08:35:21.402Z"}
error: Movie not found {"timestamp":"2019-12-03T08:37:02.195Z"}
error: Movie not found {"timestamp":"2019-12-03T08:37:09.451Z"}
error: Movie {"timestamp":"2019-12-03T08:46:09.358Z"}
error: Movie {"timestamp":"2019-12-03T08:55:04.848Z"}
error: err is not defined {"timestamp":"2019-12-03T08:59:06.567Z"}
error: err is not defined {"timestamp":"2019-12-03T09:00:24.406Z"}
error: Error {"timestamp":"2019-12-03T09:01:18.868Z"}
error: Movie not found {"timestamp":"2019-12-03T09:02:20.258Z"}
error: 404 Page Not Found {"timestamp":"2019-12-03T09:14:14.919Z"}
error: Movie not found {"timestamp":"2019-12-03T09:14:50.056Z"}
error: Movie {"timestamp":"2019-12-03T09:18:59.487Z"}
error: Movie {"timestamp":"2019-12-03T09:19:18.278Z"}
error: Movie not found {"timestamp":"2019-12-03T09:19:35.881Z"}
error: Movie not found {"timestamp":"2019-12-03T09:19:39.444Z"}
error: Movie not found {"timestamp":"2019-12-03T09:19:43.760Z"}
error: Movie not found {"timestamp":"2019-12-03T09:27:00.386Z"}
error: Movie not found {"timestamp":"2019-12-03T09:27:05.483Z"}
error: Movie not found {"timestamp":"2019-12-03T09:27:41.456Z"}
error: Director not found {"timestamp":"2019-12-03T23:45:07.512Z"}
error: Cannot delete or update a parent row: a foreign key constraint fails (`movie`.`Movies`, CONSTRAINT `Movies_ibfk_1` FOREIGN KEY (`Director_Id`) REFERENCES `Directors` (`id`)) {"name":"SequelizeForeignKeyConstraintError","parent":{"code":"ER_ROW_IS_REFERENCED_2","errno":1451,"sqlState":"23000","sqlMessage":"Cannot delete or update a parent row: a foreign key constraint fails (`movie`.`Movies`, CONSTRAINT `Movies_ibfk_1` FOREIGN KEY (`Director_Id`) REFERENCES `Directors` (`id`))","sql":"DELETE FROM `Directors` WHERE `id` = '10'"},"original":{"code":"ER_ROW_IS_REFERENCED_2","errno":1451,"sqlState":"23000","sqlMessage":"Cannot delete or update a parent row: a foreign key constraint fails (`movie`.`Movies`, CONSTRAINT `Movies_ibfk_1` FOREIGN KEY (`Director_Id`) REFERENCES `Directors` (`id`))","sql":"DELETE FROM `Directors` WHERE `id` = '10'"},"sql":"DELETE FROM `Directors` WHERE `id` = '10'","fields":["Director_Id"],"table":"Directors","index":"Movies_ibfk_1","reltype":"parent","timestamp":"2019-12-03T23:47:38.611Z"}
error: Cannot delete or update a parent row: a foreign key constraint fails (`movie`.`Movies`, CONSTRAINT `Movies_ibfk_1` FOREIGN KEY (`Director_Id`) REFERENCES `Directors` (`id`)) {"name":"SequelizeForeignKeyConstraintError","parent":{"code":"ER_ROW_IS_REFERENCED_2","errno":1451,"sqlState":"23000","sqlMessage":"Cannot delete or update a parent row: a foreign key constraint fails (`movie`.`Movies`, CONSTRAINT `Movies_ibfk_1` FOREIGN KEY (`Director_Id`) REFERENCES `Directors` (`id`))","sql":"DELETE FROM `Directors` WHERE `id` = '1'"},"original":{"code":"ER_ROW_IS_REFERENCED_2","errno":1451,"sqlState":"23000","sqlMessage":"Cannot delete or update a parent row: a foreign key constraint fails (`movie`.`Movies`, CONSTRAINT `Movies_ibfk_1` FOREIGN KEY (`Director_Id`) REFERENCES `Directors` (`id`))","sql":"DELETE FROM `Directors` WHERE `id` = '1'"},"sql":"DELETE FROM `Directors` WHERE `id` = '1'","fields":["Director_Id"],"table":"Directors","index":"Movies_ibfk_1","reltype":"parent","timestamp":"2019-12-03T23:47:49.277Z"}
error: Cannot delete or update a parent row: a foreign key constraint fails (`movie`.`Movies`, CONSTRAINT `Movies_ibfk_1` FOREIGN KEY (`Director_Id`) REFERENCES `Directors` (`id`)) {"name":"SequelizeForeignKeyConstraintError","parent":{"code":"ER_ROW_IS_REFERENCED_2","errno":1451,"sqlState":"23000","sqlMessage":"Cannot delete or update a parent row: a foreign key constraint fails (`movie`.`Movies`, CONSTRAINT `Movies_ibfk_1` FOREIGN KEY (`Director_Id`) REFERENCES `Directors` (`id`))","sql":"DELETE FROM `Directors` WHERE `id` = '35'"},"original":{"code":"ER_ROW_IS_REFERENCED_2","errno":1451,"sqlState":"23000","sqlMessage":"Cannot delete or update a parent row: a foreign key constraint fails (`movie`.`Movies`, CONSTRAINT `Movies_ibfk_1` FOREIGN KEY (`Director_Id`) REFERENCES `Directors` (`id`))","sql":"DELETE FROM `Directors` WHERE `id` = '35'"},"sql":"DELETE FROM `Directors` WHERE `id` = '35'","fields":["Director_Id"],"table":"Directors","index":"Movies_ibfk_1","reltype":"parent","timestamp":"2019-12-03T23:47:59.901Z"}
error: Director not found {"timestamp":"2019-12-03T23:48:18.361Z"}
error: Truncated incorrect DOUBLE value: '35=7' {"name":"SequelizeDatabaseError","parent":{"code":"ER_TRUNCATED_WRONG_VALUE","errno":1292,"sqlState":"22007","sqlMessage":"Truncated incorrect DOUBLE value: '35=7'","sql":"DELETE FROM `Directors` WHERE `id` = '35=7'"},"original":{"code":"ER_TRUNCATED_WRONG_VALUE","errno":1292,"sqlState":"22007","sqlMessage":"Truncated incorrect DOUBLE value: '35=7'","sql":"DELETE FROM `Directors` WHERE `id` = '35=7'"},"sql":"DELETE FROM `Directors` WHERE `id` = '35=7'","timestamp":"2019-12-03T23:49:01.473Z"}
error: Director not found {"timestamp":"2019-12-03T23:49:05.353Z"}
error: Validation error: Rating cannot be empty {"name":"SequelizeValidationError","errors":[{"message":"Rating cannot be empty","type":"Validation error","path":"Rating","value":"","origin":"FUNCTION","instance":{"id":null,"Title":"airlift","Description":"comedy","Runtime":"52","Genre":"4","Rating":"","Metascore":"2345","Votes":"345","Earning":"23456","Director_Id":"3","Actor":"akshay","Year":"1980","updatedAt":"2019-12-03T23:49:48.158Z"},"validatorKey":"notEmpty","validatorName":"notEmpty","validatorArgs":[{"msg":"Rating cannot be empty"}],"original":{"validatorName":"notEmpty","validatorArgs":[{"msg":"Rating cannot be empty"}]}}],"timestamp":"2019-12-03T23:49:48.162Z"}
error: Movie not found {"timestamp":"2019-12-03T23:50:19.811Z"}
error: Director not found {"timestamp":"2019-12-04T09:45:52.708Z"}
error: Director not found {"timestamp":"2019-12-04T09:46:04.684Z"}
